c:\users\asus\igra_ass02\igra_ass02\debug\igra_ass02.pch
c:\users\asus\igra_ass02\igra_ass02\debug\vc141.pdb
c:\users\asus\igra_ass02\igra_ass02\debug\vc141.idb
c:\users\asus\igra_ass02\igra_ass02\debug\stdafx.obj
c:\users\asus\igra_ass02\igra_ass02\debug\tank.obj
c:\users\asus\igra_ass02\igra_ass02\debug\igra_ass02.obj
c:\users\asus\igra_ass02\igra_ass02\debug\firing.obj
c:\users\asus\igra_ass02\debug\igra_ass02.ilk
c:\users\asus\igra_ass02\debug\igra_ass02.exe
c:\users\asus\igra_ass02\debug\igra_ass02.pdb
c:\users\asus\igra_ass02\igra_ass02\debug\igra_ass02.res
c:\users\asus\igra_ass02\igra_ass02\debug\igra_ass02.ilk
c:\users\asus\igra_ass02\igra_ass02\debug\igra_ass02.pdb
c:\users\asus\igra_ass02\igra_ass02\debug\igra_ass02.tlog\cl.command.1.tlog
c:\users\asus\igra_ass02\igra_ass02\debug\igra_ass02.tlog\cl.read.1.tlog
c:\users\asus\igra_ass02\igra_ass02\debug\igra_ass02.tlog\cl.write.1.tlog
c:\users\asus\igra_ass02\igra_ass02\debug\igra_ass02.tlog\link.command.1.tlog
c:\users\asus\igra_ass02\igra_ass02\debug\igra_ass02.tlog\link.read.1.tlog
c:\users\asus\igra_ass02\igra_ass02\debug\igra_ass02.tlog\link.write.1.tlog
c:\users\asus\igra_ass02\igra_ass02\debug\igra_ass02.tlog\rc.command.1.tlog
c:\users\asus\igra_ass02\igra_ass02\debug\igra_ass02.tlog\rc.read.1.tlog
c:\users\asus\igra_ass02\igra_ass02\debug\igra_ass02.tlog\rc.write.1.tlog
